20. mars 2018 14:38:00 CET[http-nio-8080-exec-1] com.ibm.msg.client.wmq.internal.WMQConnection
Exception ignored as no exception listener is registered: '
                       Message : com.ibm.msg.client.jms.DetailedJMSException: JMSWMQ1107: A problem with this connection has occurred.
An error has occurred with the WebSphere MQ JMS connection.
Use the linked exception to determine the cause of this error.
                         Class : class com.ibm.msg.client.jms.DetailedJMSException
                         Stack : com.ibm.msg.client.wmq.common.internal.Reason.reasonToException(Reason.java:580)
                               : com.ibm.msg.client.wmq.common.internal.Reason.createException(Reason.java:216)
                               : com.ibm.msg.client.wmq.internal.WMQMessageProducer.checkJmqiCallSuccess(WMQMessageProducer.java:1050)
                               : com.ibm.msg.client.wmq.internal.WMQMessageProducer.checkJmqiCallSuccess(WMQMessageProducer.java:1014)
                               : com.ibm.msg.client.wmq.internal.WMQMessageProducer.access$800(WMQMessageProducer.java:63)
                               : com.ibm.msg.client.wmq.internal.WMQMessageProducer$SpiIdentifiedProducerShadow.sendInternal(WMQMessageProducer.java:814)
                               : com.ibm.msg.client.wmq.internal.WMQMessageProducer$ProducerShadow.send(WMQMessageProducer.java:526)
                               : com.ibm.msg.client.wmq.internal.WMQMessageProducer.send(WMQMessageProducer.java:1173)
                               : com.ibm.msg.client.jms.internal.JmsMessageProducerImpl.sendMessage(JmsMessageProducerImpl.java:910)
                               : com.ibm.msg.client.jms.internal.JmsMessageProducerImpl.send_(JmsMessageProducerImpl.java:769)
                               : com.ibm.msg.client.jms.internal.JmsMessageProducerImpl.send(JmsMessageProducerImpl.java:433)
                               : com.ibm.mq.jms.MQMessageProducer.send(MQMessageProducer.java:296)
                               : no.nav.tps.forvalteren.consumer.mq.consumers.MessageQueueConsumer.sendMessage(DefaultMessageQueueConsumer.java:69)
                               : no.nav.tps.forvalteren.consumer.mq.consumers.MessageQueueConsumer.sendMessage(DefaultMessageQueueConsumer.java:38)
                               : no.nav.tps.forvalteren.service.command.tps.DefaultTpsRequestService.executeServiceRutineRequest(DefaultTpsRequestService.java:49)
                               : no.nav.tps.forvalteren.service.command.tps.servicerutiner.TpsRequestSender.sendTpsRequest(TpsRequestSender.java:31)
                               : no.nav.tps.forvalteren.provider.rs.api.v1.endpoints.ServiceController.getService(ServiceController.java:66)
                               : no.nav.tps.forvalteren.provider.rs.api.v1.endpoints.ServiceController$$FastClassBySpringCGLIB$$514b197d.invoke(<generated>:-1)
                               : org.springframework.cglib.proxy.MethodProxy.invoke(MethodProxy.java:204)
                               : org.springframework.aop.framework.CglibAopProxy$CglibMethodInvocation.invokeJoinpoint(CglibAopProxy.java:721)
                               : org.springframework.aop.framework.ReflectiveMethodInvocation.proceed(ReflectiveMethodInvocation.java:157)
                               : org.springframework.security.access.intercept.aopalliance.MethodSecurityInterceptor.invoke(MethodSecurityInterceptor.java:69)
                               : org.springframework.aop.framework.ReflectiveMethodInvocation.proceed(ReflectiveMethodInvocation.java:179)
                               : org.springframework.aop.framework.CglibAopProxy$DynamicAdvisedInterceptor.intercept(CglibAopProxy.java:656)
                               : no.nav.tps.forvalteren.provider.rs.api.v1.endpoints.ServiceController$$EnhancerBySpringCGLIB$$464de8d1.getService(<generated>:-1)
                               : sun.reflect.NativeMethodAccessorImpl.invoke0(NativeMethodAccessorImpl.java:-2)
                               : sun.reflect.NativeMethodAccessorImpl.invoke(NativeMethodAccessorImpl.java:62)
                               : sun.reflect.DelegatingMethodAccessorImpl.invoke(DelegatingMethodAccessorImpl.java:43)
                               : java.lang.reflect.Method.invoke(Method.java:498)
                               : org.springframework.web.method.support.InvocableHandlerMethod.doInvoke(InvocableHandlerMethod.java:205)
                               : org.springframework.web.method.support.InvocableHandlerMethod.invokeForRequest(InvocableHandlerMethod.java:133)
                               : org.springframework.web.servlet.mvc.method.annotation.ServletInvocableHandlerMethod.invokeAndHandle(ServletInvocableHandlerMethod.java:116)
                               : org.springframework.web.servlet.mvc.method.annotation.RequestMappingHandlerAdapter.invokeHandlerMethod(RequestMappingHandlerAdapter.java:827)
                               : org.springframework.web.servlet.mvc.method.annotation.RequestMappingHandlerAdapter.handleInternal(RequestMappingHandlerAdapter.java:738)
                               : org.springframework.web.servlet.mvc.method.AbstractHandlerMethodAdapter.handle(AbstractHandlerMethodAdapter.java:85)
                               : org.springframework.web.servlet.DispatcherServlet.doDispatch(DispatcherServlet.java:963)
                               : org.springframework.web.servlet.DispatcherServlet.doService(DispatcherServlet.java:897)
                               : org.springframework.web.servlet.FrameworkServlet.processRequest(FrameworkServlet.java:970)
                               : org.springframework.web.servlet.FrameworkServlet.doGet(FrameworkServlet.java:861)
                               : javax.servlet.http.HttpServlet.service(HttpServlet.java:687)
                               : org.springframework.web.servlet.FrameworkServlet.service(FrameworkServlet.java:846)
                               : javax.servlet.http.HttpServlet.service(HttpServlet.java:790)
                               : org.apache.catalina.core.ApplicationFilterChain.internalDoFilter(ApplicationFilterChain.java:231)
                               : org.apache.catalina.core.ApplicationFilterChain.doFilter(ApplicationFilterChain.java:166)
                               : org.apache.tomcat.websocket.server.WsFilter.doFilter(WsFilter.java:52)
                               : org.apache.catalina.core.ApplicationFilterChain.internalDoFilter(ApplicationFilterChain.java:193)
                               : org.apache.catalina.core.ApplicationFilterChain.doFilter(ApplicationFilterChain.java:166)
                               : org.springframework.boot.web.filter.ApplicationContextHeaderFilter.doFilterInternal(ApplicationContextHeaderFilter.java:55)
                               : org.springframework.web.filter.OncePerRequestFilter.doFilter(OncePerRequestFilter.java:107)
                               : org.apache.catalina.core.ApplicationFilterChain.internalDoFilter(ApplicationFilterChain.java:193)
                               : org.apache.catalina.core.ApplicationFilterChain.doFilter(ApplicationFilterChain.java:166)
                               : org.springframework.boot.actuate.trace.WebRequestTraceFilter.doFilterInternal(WebRequestTraceFilter.java:110)
                               : org.springframework.web.filter.OncePerRequestFilter.doFilter(OncePerRequestFilter.java:107)
                               : org.apache.catalina.core.ApplicationFilterChain.internalDoFilter(ApplicationFilterChain.java:193)
                               : org.apache.catalina.core.ApplicationFilterChain.doFilter(ApplicationFilterChain.java:166)
                               : org.springframework.security.web.FilterChainProxy$VirtualFilterChain.doFilter(FilterChainProxy.java:317)
                               : org.springframework.security.web.access.intercept.FilterSecurityInterceptor.invoke(FilterSecurityInterceptor.java:127)
                               : org.springframework.security.web.access.intercept.FilterSecurityInterceptor.doFilter(FilterSecurityInterceptor.java:91)
                               : org.springframework.security.web.FilterChainProxy$VirtualFilterChain.doFilter(FilterChainProxy.java:331)
                               : org.springframework.security.web.access.ExceptionTranslationFilter.doFilter(ExceptionTranslationFilter.java:114)
                               : org.springframework.security.web.FilterChainProxy$VirtualFilterChain.doFilter(FilterChainProxy.java:331)
                               : org.springframework.security.web.session.SessionManagementFilter.doFilter(SessionManagementFilter.java:137)
                               : org.springframework.security.web.FilterChainProxy$VirtualFilterChain.doFilter(FilterChainProxy.java:331)
                               : org.springframework.security.web.authentication.AnonymousAuthenticationFilter.doFilter(AnonymousAuthenticationFilter.java:111)
                               : org.springframework.security.web.FilterChainProxy$VirtualFilterChain.doFilter(FilterChainProxy.java:331)
                               : org.springframework.security.web.servletapi.SecurityContextHolderAwareRequestFilter.doFilter(SecurityContextHolderAwareRequestFilter.java:170)
                               : org.springframework.security.web.FilterChainProxy$VirtualFilterChain.doFilter(FilterChainProxy.java:331)
                               : org.springframework.security.web.savedrequest.RequestCacheAwareFilter.doFilter(RequestCacheAwareFilter.java:63)
                               : org.springframework.security.web.FilterChainProxy$VirtualFilterChain.doFilter(FilterChainProxy.java:331)
                               : org.springframework.security.web.authentication.www.BasicAuthenticationFilter.doFilterInternal(BasicAuthenticationFilter.java:158)
                               : org.springframework.web.filter.OncePerRequestFilter.doFilter(OncePerRequestFilter.java:107)
                               : org.springframework.security.web.FilterChainProxy$VirtualFilterChain.doFilter(FilterChainProxy.java:331)
                               : org.springframework.security.web.authentication.logout.LogoutFilter.doFilter(LogoutFilter.java:116)
                               : org.springframework.security.web.FilterChainProxy$VirtualFilterChain.doFilter(FilterChainProxy.java:331)
                               : no.nav.tps.forvalteren.provider.rs.security.csrf.CsrfHeaderFilter.doFilterInternal(CsrfHeaderFilter.java:42)
                               : org.springframework.web.filter.OncePerRequestFilter.doFilter(OncePerRequestFilter.java:107)
                               : org.springframework.security.web.FilterChainProxy$VirtualFilterChain.doFilter(FilterChainProxy.java:331)
                               : org.springframework.security.web.header.HeaderWriterFilter.doFilterInternal(HeaderWriterFilter.java:64)
                               : org.springframework.web.filter.OncePerRequestFilter.doFilter(OncePerRequestFilter.java:107)
                               : org.springframework.security.web.FilterChainProxy$VirtualFilterChain.doFilter(FilterChainProxy.java:331)
                               : org.springframework.security.web.context.SecurityContextPersistenceFilter.doFilter(SecurityContextPersistenceFilter.java:105)
                               : org.springframework.security.web.FilterChainProxy$VirtualFilterChain.doFilter(FilterChainProxy.java:331)
                               : org.springframework.security.web.context.request.async.WebAsyncManagerIntegrationFilter.doFilterInternal(WebAsyncManagerIntegrationFilter.java:56)
                               : org.springframework.web.filter.OncePerRequestFilter.doFilter(OncePerRequestFilter.java:107)
                               : org.springframework.security.web.FilterChainProxy$VirtualFilterChain.doFilter(FilterChainProxy.java:331)
                               : org.springframework.security.web.FilterChainProxy.doFilterInternal(FilterChainProxy.java:214)
                               : org.springframework.security.web.FilterChainProxy.doFilter(FilterChainProxy.java:177)
                               : org.springframework.web.filter.DelegatingFilterProxy.invokeDelegate(DelegatingFilterProxy.java:346)
                               : org.springframework.web.filter.DelegatingFilterProxy.doFilter(DelegatingFilterProxy.java:262)
                               : org.apache.catalina.core.ApplicationFilterChain.internalDoFilter(ApplicationFilterChain.java:193)
                               : org.apache.catalina.core.ApplicationFilterChain.doFilter(ApplicationFilterChain.java:166)
                               : org.springframework.web.filter.RequestContextFilter.doFilterInternal(RequestContextFilter.java:99)
                               : org.springframework.web.filter.OncePerRequestFilter.doFilter(OncePerRequestFilter.java:107)
                               : org.apache.catalina.core.ApplicationFilterChain.internalDoFilter(ApplicationFilterChain.java:193)
                               : org.apache.catalina.core.ApplicationFilterChain.doFilter(ApplicationFilterChain.java:166)
                               : org.springframework.web.filter.HttpPutFormContentFilter.doFilterInternal(HttpPutFormContentFilter.java:105)
                               : org.springframework.web.filter.OncePerRequestFilter.doFilter(OncePerRequestFilter.java:107)
                               : org.apache.catalina.core.ApplicationFilterChain.internalDoFilter(ApplicationFilterChain.java:193)
                               : org.apache.catalina.core.ApplicationFilterChain.doFilter(ApplicationFilterChain.java:166)
                               : org.springframework.web.filter.HiddenHttpMethodFilter.doFilterInternal(HiddenHttpMethodFilter.java:81)
                               : org.springframework.web.filter.OncePerRequestFilter.doFilter(OncePerRequestFilter.java:107)
                               : org.apache.catalina.core.ApplicationFilterChain.internalDoFilter(ApplicationFilterChain.java:193)
                               : org.apache.catalina.core.ApplicationFilterChain.doFilter(ApplicationFilterChain.java:166)
                               : org.springframework.session.web.http.SessionRepositoryFilter.doFilterInternal(SessionRepositoryFilter.java:167)
                               : org.springframework.session.web.http.OncePerRequestFilter.doFilter(OncePerRequestFilter.java:80)
                               : org.apache.catalina.core.ApplicationFilterChain.internalDoFilter(ApplicationFilterChain.java:193)
                               : org.apache.catalina.core.ApplicationFilterChain.doFilter(ApplicationFilterChain.java:166)
                               : org.springframework.web.filter.CharacterEncodingFilter.doFilterInternal(CharacterEncodingFilter.java:197)
                               : org.springframework.web.filter.OncePerRequestFilter.doFilter(OncePerRequestFilter.java:107)
                               : org.apache.catalina.core.ApplicationFilterChain.internalDoFilter(ApplicationFilterChain.java:193)
                               : org.apache.catalina.core.ApplicationFilterChain.doFilter(ApplicationFilterChain.java:166)
                               : org.springframework.boot.actuate.autoconfigure.MetricsFilter.doFilterInternal(MetricsFilter.java:106)
                               : org.springframework.web.filter.OncePerRequestFilter.doFilter(OncePerRequestFilter.java:107)
                               : org.apache.catalina.core.ApplicationFilterChain.internalDoFilter(ApplicationFilterChain.java:193)
                               : org.apache.catalina.core.ApplicationFilterChain.doFilter(ApplicationFilterChain.java:166)
                               : io.micrometer.spring.web.servlet.WebMvcMetricsFilter.doFilterInternal(WebMvcMetricsFilter.java:106)
                               : org.springframework.web.filter.OncePerRequestFilter.doFilter(OncePerRequestFilter.java:107)
                               : org.apache.catalina.core.ApplicationFilterChain.internalDoFilter(ApplicationFilterChain.java:193)
                               : org.apache.catalina.core.ApplicationFilterChain.doFilter(ApplicationFilterChain.java:166)
                               : org.apache.catalina.core.StandardWrapperValve.invoke(StandardWrapperValve.java:199)
                               : org.apache.catalina.core.StandardContextValve.invoke(StandardContextValve.java:96)
                               : org.apache.catalina.authenticator.AuthenticatorBase.invoke(AuthenticatorBase.java:504)
                               : org.apache.catalina.core.StandardHostValve.invoke(StandardHostValve.java:140)
                               : org.apache.catalina.valves.ErrorReportValve.invoke(ErrorReportValve.java:81)
                               : org.apache.catalina.core.StandardEngineValve.invoke(StandardEngineValve.java:87)
                               : org.apache.catalina.valves.RemoteIpValve.invoke(RemoteIpValve.java:677)
                               : org.apache.catalina.connector.CoyoteAdapter.service(CoyoteAdapter.java:342)
                               : org.apache.coyote.http11.Http11Processor.service(Http11Processor.java:803)
                               : org.apache.coyote.AbstractProcessorLight.process(AbstractProcessorLight.java:66)
                               : org.apache.coyote.AbstractProtocol$ConnectionHandler.process(AbstractProtocol.java:790)
                               : org.apache.tomcat.util.net.NioEndpoint$SocketProcessor.doRun(NioEndpoint.java:1459)
                               : org.apache.tomcat.util.net.SocketProcessorBase.run(SocketProcessorBase.java:49)
                               : java.util.concurrent.ThreadPoolExecutor.runWorker(ThreadPoolExecutor.java:1142)
                               : java.util.concurrent.ThreadPoolExecutor$Worker.run(ThreadPoolExecutor.java:617)
                               : org.apache.tomcat.util.threads.TaskThread$WrappingRunnable.run(TaskThread.java:61)
                               : java.lang.Thread.run(Thread.java:745)
     Caused by [1] --> Message : com.ibm.mq.MQException: JMSCMQ0001: WebSphere MQ call failed with compcode '2' ('MQCC_FAILED') reason '2009' ('MQRC_CONNECTION_BROKEN').
                         Class : class com.ibm.mq.MQException
                         Stack : com.ibm.msg.client.wmq.common.internal.Reason.createException(Reason.java:204)
                               : com.ibm.msg.client.wmq.internal.WMQMessageProducer.checkJmqiCallSuccess(WMQMessageProducer.java:1050)
                               : com.ibm.msg.client.wmq.internal.WMQMessageProducer.checkJmqiCallSuccess(WMQMessageProducer.java:1014)
                               : com.ibm.msg.client.wmq.internal.WMQMessageProducer.access$800(WMQMessageProducer.java:63)
                               : com.ibm.msg.client.wmq.internal.WMQMessageProducer$SpiIdentifiedProducerShadow.sendInternal(WMQMessageProducer.java:814)
                               : com.ibm.msg.client.wmq.internal.WMQMessageProducer$ProducerShadow.send(WMQMessageProducer.java:526)
                               : com.ibm.msg.client.wmq.internal.WMQMessageProducer.send(WMQMessageProducer.java:1173)
                               : com.ibm.msg.client.jms.internal.JmsMessageProducerImpl.sendMessage(JmsMessageProducerImpl.java:910)
                               : com.ibm.msg.client.jms.internal.JmsMessageProducerImpl.send_(JmsMessageProducerImpl.java:769)
                               : com.ibm.msg.client.jms.internal.JmsMessageProducerImpl.send(JmsMessageProducerImpl.java:433)
                               : com.ibm.mq.jms.MQMessageProducer.send(MQMessageProducer.java:296)
                               : no.nav.tps.forvalteren.consumer.mq.consumers.MessageQueueConsumer.sendMessage(DefaultMessageQueueConsumer.java:69)
                               : no.nav.tps.forvalteren.consumer.mq.consumers.MessageQueueConsumer.sendMessage(DefaultMessageQueueConsumer.java:38)
                               : no.nav.tps.forvalteren.service.command.tps.DefaultTpsRequestService.executeServiceRutineRequest(DefaultTpsRequestService.java:49)
                               : no.nav.tps.forvalteren.service.command.tps.servicerutiner.TpsRequestSender.sendTpsRequest(TpsRequestSender.java:31)
                               : no.nav.tps.forvalteren.provider.rs.api.v1.endpoints.ServiceController.getService(ServiceController.java:66)
                               : no.nav.tps.forvalteren.provider.rs.api.v1.endpoints.ServiceController$$FastClassBySpringCGLIB$$514b197d.invoke(<generated>:-1)
                               : org.springframework.cglib.proxy.MethodProxy.invoke(MethodProxy.java:204)
                               : org.springframework.aop.framework.CglibAopProxy$CglibMethodInvocation.invokeJoinpoint(CglibAopProxy.java:721)
                               : org.springframework.aop.framework.ReflectiveMethodInvocation.proceed(ReflectiveMethodInvocation.java:157)
                               : org.springframework.security.access.intercept.aopalliance.MethodSecurityInterceptor.invoke(MethodSecurityInterceptor.java:69)
                               : org.springframework.aop.framework.ReflectiveMethodInvocation.proceed(ReflectiveMethodInvocation.java:179)
                               : org.springframework.aop.framework.CglibAopProxy$DynamicAdvisedInterceptor.intercept(CglibAopProxy.java:656)
                               : no.nav.tps.forvalteren.provider.rs.api.v1.endpoints.ServiceController$$EnhancerBySpringCGLIB$$464de8d1.getService(<generated>:-1)
                               : sun.reflect.NativeMethodAccessorImpl.invoke0(NativeMethodAccessorImpl.java:-2)
                               : sun.reflect.NativeMethodAccessorImpl.invoke(NativeMethodAccessorImpl.java:62)
                               : sun.reflect.DelegatingMethodAccessorImpl.invoke(DelegatingMethodAccessorImpl.java:43)
                               : java.lang.reflect.Method.invoke(Method.java:498)
                               : org.springframework.web.method.support.InvocableHandlerMethod.doInvoke(InvocableHandlerMethod.java:205)
                               : org.springframework.web.method.support.InvocableHandlerMethod.invokeForRequest(InvocableHandlerMethod.java:133)
                               : org.springframework.web.servlet.mvc.method.annotation.ServletInvocableHandlerMethod.invokeAndHandle(ServletInvocableHandlerMethod.java:116)
                               : org.springframework.web.servlet.mvc.method.annotation.RequestMappingHandlerAdapter.invokeHandlerMethod(RequestMappingHandlerAdapter.java:827)
                               : org.springframework.web.servlet.mvc.method.annotation.RequestMappingHandlerAdapter.handleInternal(RequestMappingHandlerAdapter.java:738)
                               : org.springframework.web.servlet.mvc.method.AbstractHandlerMethodAdapter.handle(AbstractHandlerMethodAdapter.java:85)
                               : org.springframework.web.servlet.DispatcherServlet.doDispatch(DispatcherServlet.java:963)
                               : org.springframework.web.servlet.DispatcherServlet.doService(DispatcherServlet.java:897)
                               : org.springframework.web.servlet.FrameworkServlet.processRequest(FrameworkServlet.java:970)
                               : org.springframework.web.servlet.FrameworkServlet.doGet(FrameworkServlet.java:861)
                               : javax.servlet.http.HttpServlet.service(HttpServlet.java:687)
                               : org.springframework.web.servlet.FrameworkServlet.service(FrameworkServlet.java:846)
                               : javax.servlet.http.HttpServlet.service(HttpServlet.java:790)
                               : org.apache.catalina.core.ApplicationFilterChain.internalDoFilter(ApplicationFilterChain.java:231)
                               : org.apache.catalina.core.ApplicationFilterChain.doFilter(ApplicationFilterChain.java:166)
                               : org.apache.tomcat.websocket.server.WsFilter.doFilter(WsFilter.java:52)
                               : org.apache.catalina.core.ApplicationFilterChain.internalDoFilter(ApplicationFilterChain.java:193)
                               : org.apache.catalina.core.ApplicationFilterChain.doFilter(ApplicationFilterChain.java:166)
                               : org.springframework.boot.web.filter.ApplicationContextHeaderFilter.doFilterInternal(ApplicationContextHeaderFilter.java:55)
                               : org.springframework.web.filter.OncePerRequestFilter.doFilter(OncePerRequestFilter.java:107)
                               : org.apache.catalina.core.ApplicationFilterChain.internalDoFilter(ApplicationFilterChain.java:193)
                               : org.apache.catalina.core.ApplicationFilterChain.doFilter(ApplicationFilterChain.java:166)
                               : org.springframework.boot.actuate.trace.WebRequestTraceFilter.doFilterInternal(WebRequestTraceFilter.java:110)
                               : org.springframework.web.filter.OncePerRequestFilter.doFilter(OncePerRequestFilter.java:107)
                               : org.apache.catalina.core.ApplicationFilterChain.internalDoFilter(ApplicationFilterChain.java:193)
                               : org.apache.catalina.core.ApplicationFilterChain.doFilter(ApplicationFilterChain.java:166)
                               : org.springframework.security.web.FilterChainProxy$VirtualFilterChain.doFilter(FilterChainProxy.java:317)
                               : org.springframework.security.web.access.intercept.FilterSecurityInterceptor.invoke(FilterSecurityInterceptor.java:127)
                               : org.springframework.security.web.access.intercept.FilterSecurityInterceptor.doFilter(FilterSecurityInterceptor.java:91)
                               : org.springframework.security.web.FilterChainProxy$VirtualFilterChain.doFilter(FilterChainProxy.java:331)
                               : org.springframework.security.web.access.ExceptionTranslationFilter.doFilter(ExceptionTranslationFilter.java:114)
                               : org.springframework.security.web.FilterChainProxy$VirtualFilterChain.doFilter(FilterChainProxy.java:331)
                               : org.springframework.security.web.session.SessionManagementFilter.doFilter(SessionManagementFilter.java:137)
                               : org.springframework.security.web.FilterChainProxy$VirtualFilterChain.doFilter(FilterChainProxy.java:331)
                               : org.springframework.security.web.authentication.AnonymousAuthenticationFilter.doFilter(AnonymousAuthenticationFilter.java:111)
                               : org.springframework.security.web.FilterChainProxy$VirtualFilterChain.doFilter(FilterChainProxy.java:331)
                               : org.springframework.security.web.servletapi.SecurityContextHolderAwareRequestFilter.doFilter(SecurityContextHolderAwareRequestFilter.java:170)
                               : org.springframework.security.web.FilterChainProxy$VirtualFilterChain.doFilter(FilterChainProxy.java:331)
                               : org.springframework.security.web.savedrequest.RequestCacheAwareFilter.doFilter(RequestCacheAwareFilter.java:63)
                               : org.springframework.security.web.FilterChainProxy$VirtualFilterChain.doFilter(FilterChainProxy.java:331)
                               : org.springframework.security.web.authentication.www.BasicAuthenticationFilter.doFilterInternal(BasicAuthenticationFilter.java:158)
                               : org.springframework.web.filter.OncePerRequestFilter.doFilter(OncePerRequestFilter.java:107)
                               : org.springframework.security.web.FilterChainProxy$VirtualFilterChain.doFilter(FilterChainProxy.java:331)
                               : org.springframework.security.web.authentication.logout.LogoutFilter.doFilter(LogoutFilter.java:116)
                               : org.springframework.security.web.FilterChainProxy$VirtualFilterChain.doFilter(FilterChainProxy.java:331)
                               : no.nav.tps.forvalteren.provider.rs.security.csrf.CsrfHeaderFilter.doFilterInternal(CsrfHeaderFilter.java:42)
                               : org.springframework.web.filter.OncePerRequestFilter.doFilter(OncePerRequestFilter.java:107)
                               : org.springframework.security.web.FilterChainProxy$VirtualFilterChain.doFilter(FilterChainProxy.java:331)
                               : org.springframework.security.web.header.HeaderWriterFilter.doFilterInternal(HeaderWriterFilter.java:64)
                               : org.springframework.web.filter.OncePerRequestFilter.doFilter(OncePerRequestFilter.java:107)
                               : org.springframework.security.web.FilterChainProxy$VirtualFilterChain.doFilter(FilterChainProxy.java:331)
                               : org.springframework.security.web.context.SecurityContextPersistenceFilter.doFilter(SecurityContextPersistenceFilter.java:105)
                               : org.springframework.security.web.FilterChainProxy$VirtualFilterChain.doFilter(FilterChainProxy.java:331)
                               : org.springframework.security.web.context.request.async.WebAsyncManagerIntegrationFilter.doFilterInternal(WebAsyncManagerIntegrationFilter.java:56)
                               : org.springframework.web.filter.OncePerRequestFilter.doFilter(OncePerRequestFilter.java:107)
                               : org.springframework.security.web.FilterChainProxy$VirtualFilterChain.doFilter(FilterChainProxy.java:331)
                               : org.springframework.security.web.FilterChainProxy.doFilterInternal(FilterChainProxy.java:214)
                               : org.springframework.security.web.FilterChainProxy.doFilter(FilterChainProxy.java:177)
                               : org.springframework.web.filter.DelegatingFilterProxy.invokeDelegate(DelegatingFilterProxy.java:346)
                               : org.springframework.web.filter.DelegatingFilterProxy.doFilter(DelegatingFilterProxy.java:262)
                               : org.apache.catalina.core.ApplicationFilterChain.internalDoFilter(ApplicationFilterChain.java:193)
                               : org.apache.catalina.core.ApplicationFilterChain.doFilter(ApplicationFilterChain.java:166)
                               : org.springframework.web.filter.RequestContextFilter.doFilterInternal(RequestContextFilter.java:99)
                               : org.springframework.web.filter.OncePerRequestFilter.doFilter(OncePerRequestFilter.java:107)
                               : org.apache.catalina.core.ApplicationFilterChain.internalDoFilter(ApplicationFilterChain.java:193)
                               : org.apache.catalina.core.ApplicationFilterChain.doFilter(ApplicationFilterChain.java:166)
                               : org.springframework.web.filter.HttpPutFormContentFilter.doFilterInternal(HttpPutFormContentFilter.java:105)
                               : org.springframework.web.filter.OncePerRequestFilter.doFilter(OncePerRequestFilter.java:107)
                               : org.apache.catalina.core.ApplicationFilterChain.internalDoFilter(ApplicationFilterChain.java:193)
                               : org.apache.catalina.core.ApplicationFilterChain.doFilter(ApplicationFilterChain.java:166)
                               : org.springframework.web.filter.HiddenHttpMethodFilter.doFilterInternal(HiddenHttpMethodFilter.java:81)
                               : org.springframework.web.filter.OncePerRequestFilter.doFilter(OncePerRequestFilter.java:107)
                               : org.apache.catalina.core.ApplicationFilterChain.internalDoFilter(ApplicationFilterChain.java:193)
                               : org.apache.catalina.core.ApplicationFilterChain.doFilter(ApplicationFilterChain.java:166)
                               : org.springframework.session.web.http.SessionRepositoryFilter.doFilterInternal(SessionRepositoryFilter.java:167)
                               : org.springframework.session.web.http.OncePerRequestFilter.doFilter(OncePerRequestFilter.java:80)
                               : org.apache.catalina.core.ApplicationFilterChain.internalDoFilter(ApplicationFilterChain.java:193)
                               : org.apache.catalina.core.ApplicationFilterChain.doFilter(ApplicationFilterChain.java:166)
                               : org.springframework.web.filter.CharacterEncodingFilter.doFilterInternal(CharacterEncodingFilter.java:197)
                               : org.springframework.web.filter.OncePerRequestFilter.doFilter(OncePerRequestFilter.java:107)
                               : org.apache.catalina.core.ApplicationFilterChain.internalDoFilter(ApplicationFilterChain.java:193)
                               : org.apache.catalina.core.ApplicationFilterChain.doFilter(ApplicationFilterChain.java:166)
                               : org.springframework.boot.actuate.autoconfigure.MetricsFilter.doFilterInternal(MetricsFilter.java:106)
                               : org.springframework.web.filter.OncePerRequestFilter.doFilter(OncePerRequestFilter.java:107)
                               : org.apache.catalina.core.ApplicationFilterChain.internalDoFilter(ApplicationFilterChain.java:193)
                               : org.apache.catalina.core.ApplicationFilterChain.doFilter(ApplicationFilterChain.java:166)
                               : io.micrometer.spring.web.servlet.WebMvcMetricsFilter.doFilterInternal(WebMvcMetricsFilter.java:106)
                               : org.springframework.web.filter.OncePerRequestFilter.doFilter(OncePerRequestFilter.java:107)
                               : org.apache.catalina.core.ApplicationFilterChain.internalDoFilter(ApplicationFilterChain.java:193)
                               : org.apache.catalina.core.ApplicationFilterChain.doFilter(ApplicationFilterChain.java:166)
                               : org.apache.catalina.core.StandardWrapperValve.invoke(StandardWrapperValve.java:199)
                               : org.apache.catalina.core.StandardContextValve.invoke(StandardContextValve.java:96)
                               : org.apache.catalina.authenticator.AuthenticatorBase.invoke(AuthenticatorBase.java:504)
                               : org.apache.catalina.core.StandardHostValve.invoke(StandardHostValve.java:140)
                               : org.apache.catalina.valves.ErrorReportValve.invoke(ErrorReportValve.java:81)
                               : org.apache.catalina.core.StandardEngineValve.invoke(StandardEngineValve.java:87)
                               : org.apache.catalina.valves.RemoteIpValve.invoke(RemoteIpValve.java:677)
                               : org.apache.catalina.connector.CoyoteAdapter.service(CoyoteAdapter.java:342)
                               : org.apache.coyote.http11.Http11Processor.service(Http11Processor.java:803)
                               : org.apache.coyote.AbstractProcessorLight.process(AbstractProcessorLight.java:66)
                               : org.apache.coyote.AbstractProtocol$ConnectionHandler.process(AbstractProtocol.java:790)
                               : org.apache.tomcat.util.net.NioEndpoint$SocketProcessor.doRun(NioEndpoint.java:1459)
                               : org.apache.tomcat.util.net.SocketProcessorBase.run(SocketProcessorBase.java:49)
                               : java.util.concurrent.ThreadPoolExecutor.runWorker(ThreadPoolExecutor.java:1142)
                               : java.util.concurrent.ThreadPoolExecutor$Worker.run(ThreadPoolExecutor.java:617)
                               : org.apache.tomcat.util.threads.TaskThread$WrappingRunnable.run(TaskThread.java:61)
                               : java.lang.Thread.run(Thread.java:745)
     Caused by [2] --> Message : com.ibm.mq.jmqi.JmqiException: CC=2;RC=2009
                         Class : class com.ibm.mq.jmqi.JmqiException
                         Stack : com.ibm.mq.jmqi.remote.impl.RemoteSession.receiveAsyncTsh(RemoteSession.java:627)
                               : com.ibm.mq.jmqi.remote.impl.RemoteSession.receiveTSH(RemoteSession.java:786)
                               : com.ibm.mq.jmqi.remote.impl.RemoteSession.receiveMQIFlow(RemoteSession.java:1399)
                               : com.ibm.mq.jmqi.remote.api.RemoteFAP.jmqiPutMessageWithProps(RemoteFAP.java:7371)
                               : com.ibm.mq.jmqi.remote.api.RemoteFAP.jmqiPut(RemoteFAP.java:6651)
                               : com.ibm.msg.client.wmq.internal.WMQMessageProducer$SpiIdentifiedProducerShadow.sendInternal(WMQMessageProducer.java:807)
                               : com.ibm.msg.client.wmq.internal.WMQMessageProducer$ProducerShadow.send(WMQMessageProducer.java:526)
                               : com.ibm.msg.client.wmq.internal.WMQMessageProducer.send(WMQMessageProducer.java:1173)
                               : com.ibm.msg.client.jms.internal.JmsMessageProducerImpl.sendMessage(JmsMessageProducerImpl.java:910)
                               : com.ibm.msg.client.jms.internal.JmsMessageProducerImpl.send_(JmsMessageProducerImpl.java:769)
                               : com.ibm.msg.client.jms.internal.JmsMessageProducerImpl.send(JmsMessageProducerImpl.java:433)
                               : com.ibm.mq.jms.MQMessageProducer.send(MQMessageProducer.java:296)
                               : no.nav.tps.forvalteren.consumer.mq.consumers.MessageQueueConsumer.sendMessage(DefaultMessageQueueConsumer.java:69)
                               : no.nav.tps.forvalteren.consumer.mq.consumers.MessageQueueConsumer.sendMessage(DefaultMessageQueueConsumer.java:38)
                               : no.nav.tps.forvalteren.service.command.tps.DefaultTpsRequestService.executeServiceRutineRequest(DefaultTpsRequestService.java:49)
                               : no.nav.tps.forvalteren.service.command.tps.servicerutiner.TpsRequestSender.sendTpsRequest(TpsRequestSender.java:31)
                               : no.nav.tps.forvalteren.provider.rs.api.v1.endpoints.ServiceController.getService(ServiceController.java:66)
                               : no.nav.tps.forvalteren.provider.rs.api.v1.endpoints.ServiceController$$FastClassBySpringCGLIB$$514b197d.invoke(<generated>:-1)
                               : org.springframework.cglib.proxy.MethodProxy.invoke(MethodProxy.java:204)
                               : org.springframework.aop.framework.CglibAopProxy$CglibMethodInvocation.invokeJoinpoint(CglibAopProxy.java:721)
                               : org.springframework.aop.framework.ReflectiveMethodInvocation.proceed(ReflectiveMethodInvocation.java:157)
                               : org.springframework.security.access.intercept.aopalliance.MethodSecurityInterceptor.invoke(MethodSecurityInterceptor.java:69)
                               : org.springframework.aop.framework.ReflectiveMethodInvocation.proceed(ReflectiveMethodInvocation.java:179)
                               : org.springframework.aop.framework.CglibAopProxy$DynamicAdvisedInterceptor.intercept(CglibAopProxy.java:656)
                               : no.nav.tps.forvalteren.provider.rs.api.v1.endpoints.ServiceController$$EnhancerBySpringCGLIB$$464de8d1.getService(<generated>:-1)
                               : sun.reflect.NativeMethodAccessorImpl.invoke0(NativeMethodAccessorImpl.java:-2)
                               : sun.reflect.NativeMethodAccessorImpl.invoke(NativeMethodAccessorImpl.java:62)
                               : sun.reflect.DelegatingMethodAccessorImpl.invoke(DelegatingMethodAccessorImpl.java:43)
                               : java.lang.reflect.Method.invoke(Method.java:498)
                               : org.springframework.web.method.support.InvocableHandlerMethod.doInvoke(InvocableHandlerMethod.java:205)
                               : org.springframework.web.method.support.InvocableHandlerMethod.invokeForRequest(InvocableHandlerMethod.java:133)
                               : org.springframework.web.servlet.mvc.method.annotation.ServletInvocableHandlerMethod.invokeAndHandle(ServletInvocableHandlerMethod.java:116)
                               : org.springframework.web.servlet.mvc.method.annotation.RequestMappingHandlerAdapter.invokeHandlerMethod(RequestMappingHandlerAdapter.java:827)
                               : org.springframework.web.servlet.mvc.method.annotation.RequestMappingHandlerAdapter.handleInternal(RequestMappingHandlerAdapter.java:738)
                               : org.springframework.web.servlet.mvc.method.AbstractHandlerMethodAdapter.handle(AbstractHandlerMethodAdapter.java:85)
                               : org.springframework.web.servlet.DispatcherServlet.doDispatch(DispatcherServlet.java:963)
                               : org.springframework.web.servlet.DispatcherServlet.doService(DispatcherServlet.java:897)
                               : org.springframework.web.servlet.FrameworkServlet.processRequest(FrameworkServlet.java:970)
                               : org.springframework.web.servlet.FrameworkServlet.doGet(FrameworkServlet.java:861)
                               : javax.servlet.http.HttpServlet.service(HttpServlet.java:687)
                               : org.springframework.web.servlet.FrameworkServlet.service(FrameworkServlet.java:846)
                               : javax.servlet.http.HttpServlet.service(HttpServlet.java:790)
                               : org.apache.catalina.core.ApplicationFilterChain.internalDoFilter(ApplicationFilterChain.java:231)
                               : org.apache.catalina.core.ApplicationFilterChain.doFilter(ApplicationFilterChain.java:166)
                               : org.apache.tomcat.websocket.server.WsFilter.doFilter(WsFilter.java:52)
                               : org.apache.catalina.core.ApplicationFilterChain.internalDoFilter(ApplicationFilterChain.java:193)
                               : org.apache.catalina.core.ApplicationFilterChain.doFilter(ApplicationFilterChain.java:166)
                               : org.springframework.boot.web.filter.ApplicationContextHeaderFilter.doFilterInternal(ApplicationContextHeaderFilter.java:55)
                               : org.springframework.web.filter.OncePerRequestFilter.doFilter(OncePerRequestFilter.java:107)
                               : org.apache.catalina.core.ApplicationFilterChain.internalDoFilter(ApplicationFilterChain.java:193)
                               : org.apache.catalina.core.ApplicationFilterChain.doFilter(ApplicationFilterChain.java:166)
                               : org.springframework.boot.actuate.trace.WebRequestTraceFilter.doFilterInternal(WebRequestTraceFilter.java:110)
                               : org.springframework.web.filter.OncePerRequestFilter.doFilter(OncePerRequestFilter.java:107)
                               : org.apache.catalina.core.ApplicationFilterChain.internalDoFilter(ApplicationFilterChain.java:193)
                               : org.apache.catalina.core.ApplicationFilterChain.doFilter(ApplicationFilterChain.java:166)
                               : org.springframework.security.web.FilterChainProxy$VirtualFilterChain.doFilter(FilterChainProxy.java:317)
                               : org.springframework.security.web.access.intercept.FilterSecurityInterceptor.invoke(FilterSecurityInterceptor.java:127)
                               : org.springframework.security.web.access.intercept.FilterSecurityInterceptor.doFilter(FilterSecurityInterceptor.java:91)
                               : org.springframework.security.web.FilterChainProxy$VirtualFilterChain.doFilter(FilterChainProxy.java:331)
                               : org.springframework.security.web.access.ExceptionTranslationFilter.doFilter(ExceptionTranslationFilter.java:114)
                               : org.springframework.security.web.FilterChainProxy$VirtualFilterChain.doFilter(FilterChainProxy.java:331)
                               : org.springframework.security.web.session.SessionManagementFilter.doFilter(SessionManagementFilter.java:137)
                               : org.springframework.security.web.FilterChainProxy$VirtualFilterChain.doFilter(FilterChainProxy.java:331)
                               : org.springframework.security.web.authentication.AnonymousAuthenticationFilter.doFilter(AnonymousAuthenticationFilter.java:111)
                               : org.springframework.security.web.FilterChainProxy$VirtualFilterChain.doFilter(FilterChainProxy.java:331)
                               : org.springframework.security.web.servletapi.SecurityContextHolderAwareRequestFilter.doFilter(SecurityContextHolderAwareRequestFilter.java:170)
                               : org.springframework.security.web.FilterChainProxy$VirtualFilterChain.doFilter(FilterChainProxy.java:331)
                               : org.springframework.security.web.savedrequest.RequestCacheAwareFilter.doFilter(RequestCacheAwareFilter.java:63)
                               : org.springframework.security.web.FilterChainProxy$VirtualFilterChain.doFilter(FilterChainProxy.java:331)
                               : org.springframework.security.web.authentication.www.BasicAuthenticationFilter.doFilterInternal(BasicAuthenticationFilter.java:158)
                               : org.springframework.web.filter.OncePerRequestFilter.doFilter(OncePerRequestFilter.java:107)
                               : org.springframework.security.web.FilterChainProxy$VirtualFilterChain.doFilter(FilterChainProxy.java:331)
                               : org.springframework.security.web.authentication.logout.LogoutFilter.doFilter(LogoutFilter.java:116)
                               : org.springframework.security.web.FilterChainProxy$VirtualFilterChain.doFilter(FilterChainProxy.java:331)
                               : no.nav.tps.forvalteren.provider.rs.security.csrf.CsrfHeaderFilter.doFilterInternal(CsrfHeaderFilter.java:42)
                               : org.springframework.web.filter.OncePerRequestFilter.doFilter(OncePerRequestFilter.java:107)
                               : org.springframework.security.web.FilterChainProxy$VirtualFilterChain.doFilter(FilterChainProxy.java:331)
                               : org.springframework.security.web.header.HeaderWriterFilter.doFilterInternal(HeaderWriterFilter.java:64)
                               : org.springframework.web.filter.OncePerRequestFilter.doFilter(OncePerRequestFilter.java:107)
                               : org.springframework.security.web.FilterChainProxy$VirtualFilterChain.doFilter(FilterChainProxy.java:331)
                               : org.springframework.security.web.context.SecurityContextPersistenceFilter.doFilter(SecurityContextPersistenceFilter.java:105)
                               : org.springframework.security.web.FilterChainProxy$VirtualFilterChain.doFilter(FilterChainProxy.java:331)
                               : org.springframework.security.web.context.request.async.WebAsyncManagerIntegrationFilter.doFilterInternal(WebAsyncManagerIntegrationFilter.java:56)
                               : org.springframework.web.filter.OncePerRequestFilter.doFilter(OncePerRequestFilter.java:107)
                               : org.springframework.security.web.FilterChainProxy$VirtualFilterChain.doFilter(FilterChainProxy.java:331)
                               : org.springframework.security.web.FilterChainProxy.doFilterInternal(FilterChainProxy.java:214)
                               : org.springframework.security.web.FilterChainProxy.doFilter(FilterChainProxy.java:177)
                               : org.springframework.web.filter.DelegatingFilterProxy.invokeDelegate(DelegatingFilterProxy.java:346)
                               : org.springframework.web.filter.DelegatingFilterProxy.doFilter(DelegatingFilterProxy.java:262)
                               : org.apache.catalina.core.ApplicationFilterChain.internalDoFilter(ApplicationFilterChain.java:193)
                               : org.apache.catalina.core.ApplicationFilterChain.doFilter(ApplicationFilterChain.java:166)
                               : org.springframework.web.filter.RequestContextFilter.doFilterInternal(RequestContextFilter.java:99)
                               : org.springframework.web.filter.OncePerRequestFilter.doFilter(OncePerRequestFilter.java:107)
                               : org.apache.catalina.core.ApplicationFilterChain.internalDoFilter(ApplicationFilterChain.java:193)
                               : org.apache.catalina.core.ApplicationFilterChain.doFilter(ApplicationFilterChain.java:166)
                               : org.springframework.web.filter.HttpPutFormContentFilter.doFilterInternal(HttpPutFormContentFilter.java:105)
                               : org.springframework.web.filter.OncePerRequestFilter.doFilter(OncePerRequestFilter.java:107)
                               : org.apache.catalina.core.ApplicationFilterChain.internalDoFilter(ApplicationFilterChain.java:193)
                               : org.apache.catalina.core.ApplicationFilterChain.doFilter(ApplicationFilterChain.java:166)
                               : org.springframework.web.filter.HiddenHttpMethodFilter.doFilterInternal(HiddenHttpMethodFilter.java:81)
                               : org.springframework.web.filter.OncePerRequestFilter.doFilter(OncePerRequestFilter.java:107)
                               : org.apache.catalina.core.ApplicationFilterChain.internalDoFilter(ApplicationFilterChain.java:193)
                               : org.apache.catalina.core.ApplicationFilterChain.doFilter(ApplicationFilterChain.java:166)
                               : org.springframework.session.web.http.SessionRepositoryFilter.doFilterInternal(SessionRepositoryFilter.java:167)
                               : org.springframework.session.web.http.OncePerRequestFilter.doFilter(OncePerRequestFilter.java:80)
                               : org.apache.catalina.core.ApplicationFilterChain.internalDoFilter(ApplicationFilterChain.java:193)
                               : org.apache.catalina.core.ApplicationFilterChain.doFilter(ApplicationFilterChain.java:166)
                               : org.springframework.web.filter.CharacterEncodingFilter.doFilterInternal(CharacterEncodingFilter.java:197)
                               : org.springframework.web.filter.OncePerRequestFilter.doFilter(OncePerRequestFilter.java:107)
                               : org.apache.catalina.core.ApplicationFilterChain.internalDoFilter(ApplicationFilterChain.java:193)
                               : org.apache.catalina.core.ApplicationFilterChain.doFilter(ApplicationFilterChain.java:166)
                               : org.springframework.boot.actuate.autoconfigure.MetricsFilter.doFilterInternal(MetricsFilter.java:106)
                               : org.springframework.web.filter.OncePerRequestFilter.doFilter(OncePerRequestFilter.java:107)
                               : org.apache.catalina.core.ApplicationFilterChain.internalDoFilter(ApplicationFilterChain.java:193)
                               : org.apache.catalina.core.ApplicationFilterChain.doFilter(ApplicationFilterChain.java:166)
                               : io.micrometer.spring.web.servlet.WebMvcMetricsFilter.doFilterInternal(WebMvcMetricsFilter.java:106)
                               : org.springframework.web.filter.OncePerRequestFilter.doFilter(OncePerRequestFilter.java:107)
                               : org.apache.catalina.core.ApplicationFilterChain.internalDoFilter(ApplicationFilterChain.java:193)
                               : org.apache.catalina.core.ApplicationFilterChain.doFilter(ApplicationFilterChain.java:166)
                               : org.apache.catalina.core.StandardWrapperValve.invoke(StandardWrapperValve.java:199)
                               : org.apache.catalina.core.StandardContextValve.invoke(StandardContextValve.java:96)
                               : org.apache.catalina.authenticator.AuthenticatorBase.invoke(AuthenticatorBase.java:504)
                               : org.apache.catalina.core.StandardHostValve.invoke(StandardHostValve.java:140)
                               : org.apache.catalina.valves.ErrorReportValve.invoke(ErrorReportValve.java:81)
                               : org.apache.catalina.core.StandardEngineValve.invoke(StandardEngineValve.java:87)
                               : org.apache.catalina.valves.RemoteIpValve.invoke(RemoteIpValve.java:677)
                               : org.apache.catalina.connector.CoyoteAdapter.service(CoyoteAdapter.java:342)
                               : org.apache.coyote.http11.Http11Processor.service(Http11Processor.java:803)
                               : org.apache.coyote.AbstractProcessorLight.process(AbstractProcessorLight.java:66)
                               : org.apache.coyote.AbstractProtocol$ConnectionHandler.process(AbstractProtocol.java:790)
                               : org.apache.tomcat.util.net.NioEndpoint$SocketProcessor.doRun(NioEndpoint.java:1459)
                               : org.apache.tomcat.util.net.SocketProcessorBase.run(SocketProcessorBase.java:49)
                               : java.util.concurrent.ThreadPoolExecutor.runWorker(ThreadPoolExecutor.java:1142)
                               : java.util.concurrent.ThreadPoolExecutor$Worker.run(ThreadPoolExecutor.java:617)
                               : org.apache.tomcat.util.threads.TaskThread$WrappingRunnable.run(TaskThread.java:61)
                               : java.lang.Thread.run(Thread.java:745)
     Caused by [3] --> Message : com.ibm.mq.jmqi.JmqiException: CC=2;RC=2009;AMQ9206: Error sending data to host 'e26apvl121.test.local/10.33.14.174:1411 (e26apvl121.test.local)'. [1=java.net.SocketException[Software caused connection abort: socket write error],3=e26apvl121.test.local/10.33.14.174:1411 (e26apvl121.test.local),4=TCP,5=OutputStream.write]
                         Class : class com.ibm.mq.jmqi.JmqiException
                         Stack : com.ibm.mq.jmqi.remote.impl.RemoteTCPConnection.send(RemoteTCPConnection.java:1383)
                               : com.ibm.mq.jmqi.remote.impl.RemoteConnection.wrapSend(RemoteConnection.java:2154)
                               : com.ibm.mq.jmqi.remote.impl.RemoteConnection.sendTSH(RemoteConnection.java:2039)
                               : com.ibm.mq.jmqi.remote.impl.RemoteConnection.sendHeartbeat(RemoteConnection.java:3041)
                               : com.ibm.mq.jmqi.remote.impl.RemoteTCPConnection.receive(RemoteTCPConnection.java:1540)
                               : com.ibm.mq.jmqi.remote.impl.RemoteRcvThread.receiveBuffer(RemoteRcvThread.java:745)
                               : com.ibm.mq.jmqi.remote.impl.RemoteRcvThread.receiveOneTSH(RemoteRcvThread.java:706)
                               : com.ibm.mq.jmqi.remote.impl.RemoteRcvThread.run(RemoteRcvThread.java:139)
                               : com.ibm.msg.client.commonservices.workqueue.WorkQueueItem.runTask(WorkQueueItem.java:209)
                               : com.ibm.msg.client.commonservices.workqueue.SimpleWorkQueueItem.runItem(SimpleWorkQueueItem.java:100)
                               : com.ibm.msg.client.commonservices.workqueue.WorkQueueItem.run(WorkQueueItem.java:224)
                               : com.ibm.msg.client.commonservices.workqueue.WorkQueueManager.runWorkQueueItem(WorkQueueManager.java:298)
                               : com.ibm.msg.client.commonservices.j2se.workqueue.WorkQueueManagerImplementation$ThreadPoolWorker.run(WorkQueueManagerImplementation.java:1214)
     Caused by [4] --> Message : java.net.SocketException: Software caused connection abort: socket write error
                         Class : class java.net.SocketException
                         Stack : java.net.SocketOutputStream.socketWrite0(SocketOutputStream.java:-2)
                               : java.net.SocketOutputStream.socketWrite(SocketOutputStream.java:109)
                               : java.net.SocketOutputStream.write(SocketOutputStream.java:153)
                               : com.ibm.mq.jmqi.remote.impl.RemoteTCPConnection.send(RemoteTCPConnection.java:1327)
                               : com.ibm.mq.jmqi.remote.impl.RemoteConnection.wrapSend(RemoteConnection.java:2154)
                               : com.ibm.mq.jmqi.remote.impl.RemoteConnection.sendTSH(RemoteConnection.java:2039)
                               : com.ibm.mq.jmqi.remote.impl.RemoteConnection.sendHeartbeat(RemoteConnection.java:3041)
                               : com.ibm.mq.jmqi.remote.impl.RemoteTCPConnection.receive(RemoteTCPConnection.java:1540)
                               : com.ibm.mq.jmqi.remote.impl.RemoteRcvThread.receiveBuffer(RemoteRcvThread.java:745)
                               : com.ibm.mq.jmqi.remote.impl.RemoteRcvThread.receiveOneTSH(RemoteRcvThread.java:706)
                               : com.ibm.mq.jmqi.remote.impl.RemoteRcvThread.run(RemoteRcvThread.java:139)
                               : com.ibm.msg.client.commonservices.workqueue.WorkQueueItem.runTask(WorkQueueItem.java:209)
                               : com.ibm.msg.client.commonservices.workqueue.SimpleWorkQueueItem.runItem(SimpleWorkQueueItem.java:100)
                               : com.ibm.msg.client.commonservices.workqueue.WorkQueueItem.run(WorkQueueItem.java:224)
                               : com.ibm.msg.client.commonservices.workqueue.WorkQueueManager.runWorkQueueItem(WorkQueueManager.java:298)
                               : com.ibm.msg.client.commonservices.j2se.workqueue.WorkQueueManagerImplementation$ThreadPoolWorker.run(WorkQueueManagerImplementation.java:1214)
'.

EXPLANATION:
An attempt was made to deliver an exception to the connections exception listener but a listener has not been registered.

ACTION:
An exception listener must be registered with the connection to receive its exceptions.
--------------------------------------------------------------------
