0 info it worked if it ends with ok
1 verbose cli [ 'C:\\apps\\node\\node.exe',
1 verbose cli   'C:\\apps\\node\\node_modules\\npm\\bin\\npm-cli.js',
1 verbose cli   'start' ]
2 info using npm@3.10.3
3 info using node@v6.3.1
4 verbose run-script [ 'prestart', 'start', 'poststart' ]
5 info lifecycle tps-vedlikehold@1.0.0~prestart: tps-vedlikehold@1.0.0
6 silly lifecycle tps-vedlikehold@1.0.0~prestart: no script for prestart, continuing
7 info lifecycle tps-vedlikehold@1.0.0~start: tps-vedlikehold@1.0.0
8 verbose lifecycle tps-vedlikehold@1.0.0~start: unsafe-perm in lifecycle true
9 verbose lifecycle tps-vedlikehold@1.0.0~start: PATH: C:\apps\node\node_modules\npm\bin\node-gyp-bin;C:\Users\F148888\IdeaProjects\tps-vedlikehold\tps-vedlikehold-provider\tps-vedlikehold-provider-web\src\main\web-src\node_modules\.bin;C:\apps\node;C:\Users\F148888\bin;C:\apps\Git\mingw32\bin;C:\apps\Git\usr\local\bin;C:\apps\Git\usr\bin;C:\apps\Git\usr\bin;C:\apps\Git\mingw32\bin;C:\apps\Git\usr\bin;C:\Users\F148888\bin;C:\ProgramData\Oracle\Java\javapath;C:\apps\CollabNet\Subversion Client;C:\Windows\system32;C:\Windows;C:\Windows\System32\Wbem;C:\Windows\System32\WindowsPowerShell\v1.0;C:\apps\apache-maven-3.3.1-bin\apache-maven-3.3.1\bin;C:\apps\Java\jdk1.7.0_45\bin;C:\apps\TortoiseSVN\bin;C:\apps\SlikSvn\bin;C:\apps\Git\cmd;C:\apps\node;C:\Users\F148888\AppData\Roaming\npm;C:\apps\Git\usr\bin\vendor_perl;C:\apps\Git\usr\bin\core_perl
10 verbose lifecycle tps-vedlikehold@1.0.0~start: CWD: C:\Users\F148888\IdeaProjects\tps-vedlikehold\tps-vedlikehold-provider\tps-vedlikehold-provider-web\src\main\web-src
11 silly lifecycle tps-vedlikehold@1.0.0~start: Args: [ '/d /s /c', 'gulp serve.dev --color' ]
12 silly lifecycle tps-vedlikehold@1.0.0~start: Returned: code: 1  signal: null
13 info lifecycle tps-vedlikehold@1.0.0~start: Failed to exec start script
14 verbose stack Error: tps-vedlikehold@1.0.0 start: `gulp serve.dev --color`
14 verbose stack Exit status 1
14 verbose stack     at EventEmitter.<anonymous> (C:\apps\node\node_modules\npm\lib\utils\lifecycle.js:242:16)
14 verbose stack     at emitTwo (events.js:106:13)
14 verbose stack     at EventEmitter.emit (events.js:191:7)
14 verbose stack     at ChildProcess.<anonymous> (C:\apps\node\node_modules\npm\lib\utils\spawn.js:40:14)
14 verbose stack     at emitTwo (events.js:106:13)
14 verbose stack     at ChildProcess.emit (events.js:191:7)
14 verbose stack     at maybeClose (internal/child_process.js:852:16)
14 verbose stack     at Process.ChildProcess._handle.onexit (internal/child_process.js:215:5)
15 verbose pkgid tps-vedlikehold@1.0.0
16 verbose cwd C:\Users\F148888\IdeaProjects\tps-vedlikehold\tps-vedlikehold-provider\tps-vedlikehold-provider-web\src\main\web-src\src
17 error Windows_NT 6.1.7601
18 error argv "C:\\apps\\node\\node.exe" "C:\\apps\\node\\node_modules\\npm\\bin\\npm-cli.js" "start"
19 error node v6.3.1
20 error npm  v3.10.3
21 error code ELIFECYCLE
22 error tps-vedlikehold@1.0.0 start: `gulp serve.dev --color`
22 error Exit status 1
23 error Failed at the tps-vedlikehold@1.0.0 start script 'gulp serve.dev --color'.
23 error Make sure you have the latest version of node.js and npm installed.
23 error If you do, this is most likely a problem with the tps-vedlikehold package,
23 error not with npm itself.
23 error Tell the author that this fails on your system:
23 error     gulp serve.dev --color
23 error You can get information on how to open an issue for this project with:
23 error     npm bugs tps-vedlikehold
23 error Or if that isn't available, you can get their info via:
23 error     npm owner ls tps-vedlikehold
23 error There is likely additional logging output above.
24 verbose exit [ 1, true ]
